[0.017s] Invoking command in '/home/gdtr/ros2/colcon_mk/build/parameter_demo': CMAKE_PREFIX_PATH=/opt/ros/rolling /usr/bin/cmake /home/gdtr/ros2/colcon_mk/src/parameter_demo -DCMAKE_INSTALL_PREFIX=/home/gdtr/ros2/colcon_mk/install/parameter_demo
[0.182s] -- The C compiler identification is GNU 11.3.0
[0.281s] -- The CXX compiler identification is GNU 11.3.0
[0.292s] -- Detecting C compiler ABI info
[0.381s] -- Detecting C compiler ABI info - done
[0.390s] -- Check for working C compiler: /usr/bin/cc - skipped
[0.390s] -- Detecting C compile features
[0.391s] -- Detecting C compile features - done
[0.395s] -- Detecting CXX compiler ABI info
[0.568s] -- Detecting CXX compiler ABI info - done
[0.584s] -- Check for working CXX compiler: /usr/bin/c++ - skipped
[0.584s] -- Detecting CXX compile features
[0.585s] -- Detecting CXX compile features - done
[0.596s] -- Found ament_cmake: 1.5.2 (/opt/ros/rolling/share/ament_cmake/cmake)
[0.822s] -- Found Python3: /usr/bin/python3.10 (found version "3.10.6") found components: Interpreter 
[1.029s] -- Found rclcpp: 19.0.0 (/opt/ros/rolling/share/rclcpp/cmake)
[1.323s] -- Found rosidl_generator_c: 3.3.1 (/opt/ros/rolling/share/rosidl_generator_c/cmake)
[1.378s] -- Found rosidl_generator_cpp: 3.3.1 (/opt/ros/rolling/share/rosidl_generator_cpp/cmake)
[1.461s] -- Using all available rosidl_typesupport_c: rosidl_typesupport_fastrtps_c;rosidl_typesupport_introspection_c
[1.560s] -- Using all available rosidl_typesupport_cpp: rosidl_typesupport_fastrtps_cpp;rosidl_typesupport_introspection_cpp
[1.791s] -- Found rmw_implementation_cmake: 6.4.0 (/opt/ros/rolling/share/rmw_implementation_cmake/cmake)
[1.795s] -- Found rmw_fastrtps_cpp: 6.5.0 (/opt/ros/rolling/share/rmw_fastrtps_cpp/cmake)
[1.969s] -- Found OpenSSL: /usr/lib/x86_64-linux-gnu/libcrypto.so (found version "3.0.2")  
[2.010s] -- Found FastRTPS: /opt/ros/rolling/include  
[2.080s] -- Using RMW implementation 'rmw_fastrtps_cpp' as default
[2.092s] -- Looking for pthread.h
[2.178s] -- Looking for pthread.h - found
[2.178s] -- Performing Test CMAKE_HAVE_LIBC_PTHREAD
[2.259s] -- Performing Test CMAKE_HAVE_LIBC_PTHREAD - Success
[2.260s] -- Found Threads: TRUE  
[2.417s] -- Found ament_lint_auto: 0.13.2 (/opt/ros/rolling/share/ament_lint_auto/cmake)
[2.559s] -- Added test 'cppcheck' to perform static code analysis on C / C++ code
[2.559s] -- Configured cppcheck include dirs: $<BUILD_INTERFACE:/home/gdtr/ros2/colcon_mk/src/parameter_demo/include>
[2.559s] -- Configured cppcheck exclude dirs and/or files: 
[2.560s] -- Added test 'lint_cmake' to check CMake code style
[2.562s] -- Added test 'uncrustify' to check C / C++ code style
[2.562s] -- Configured uncrustify additional arguments: 
[2.563s] -- Added test 'xmllint' to check XML markup files
[2.565s] -- Configuring done
[2.599s] -- Generating done
[2.602s] -- Build files have been written to: /home/gdtr/ros2/colcon_mk/build/parameter_demo
[2.617s] Invoked command in '/home/gdtr/ros2/colcon_mk/build/parameter_demo' returned '0': CMAKE_PREFIX_PATH=/opt/ros/rolling /usr/bin/cmake /home/gdtr/ros2/colcon_mk/src/parameter_demo -DCMAKE_INSTALL_PREFIX=/home/gdtr/ros2/colcon_mk/install/parameter_demo
[2.619s] Invoking command in '/home/gdtr/ros2/colcon_mk/build/parameter_demo': CMAKE_PREFIX_PATH=/opt/ros/rolling /usr/bin/cmake --build /home/gdtr/ros2/colcon_mk/build/parameter_demo -- -j8 -l8
[2.678s] [ 50%] [32mBuilding CXX object CMakeFiles/param_demo0.dir/src/param_demo0.cpp.o[0m
[2.679s] [ 50%] [32mBuilding CXX object CMakeFiles/param_server.dir/src/param_server.cpp.o[0m
[2.679s] [ 50%] [32mBuilding CXX object CMakeFiles/param_client.dir/src/param_client.cpp.o[0m
[6.170s] [01m[K/home/gdtr/ros2/colcon_mk/src/parameter_demo/src/param_server.cpp:[m[K In member function â€˜[01m[Kvoid ParamServer::get_parameter()[m[Kâ€™:
[6.170s] [01m[K/home/gdtr/ros2/colcon_mk/src/parameter_demo/src/param_server.cpp:40:9:[m[K [01;31m[Kerror: [m[Kexpected â€˜[01m[K;[m[Kâ€™ before â€˜[01m[Kthis[m[Kâ€™
[6.171s]    40 |         [01;31m[Kthis[m[K->has_parameter
[6.171s]       |         [01;31m[K^~~~[m[K
[6.791s] gmake[2]: *** [CMakeFiles/param_server.dir/build.make:76: CMakeFiles/param_server.dir/src/param_server.cpp.o] Error 1
[6.791s] gmake[1]: *** [CMakeFiles/Makefile2:167: CMakeFiles/param_server.dir/all] Error 2
[6.791s] gmake[1]: *** Waiting for unfinished jobs....
[6.985s] [ 66%] [32m[1mLinking CXX executable param_client[0m
[6.990s] [ 83%] [32m[1mLinking CXX executable param_demo0[0m
[7.193s] [ 83%] Built target param_client
[7.194s] [ 83%] Built target param_demo0
[7.195s] gmake: *** [Makefile:146: all] Error 2
[7.198s] Invoked command in '/home/gdtr/ros2/colcon_mk/build/parameter_demo' returned '2': CMAKE_PREFIX_PATH=/opt/ros/rolling /usr/bin/cmake --build /home/gdtr/ros2/colcon_mk/build/parameter_demo -- -j8 -l8
