-- Found ament_cmake: 1.5.2 (/opt/ros/rolling/share/ament_cmake/cmake)
-- Found rclcpp: 19.0.0 (/opt/ros/rolling/share/rclcpp/cmake)
-- Found rosidl_generator_c: 3.3.1 (/opt/ros/rolling/share/rosidl_generator_c/cmake)
-- Found rosidl_generator_cpp: 3.3.1 (/opt/ros/rolling/share/rosidl_generator_cpp/cmake)
-- Using all available rosidl_typesupport_c: rosidl_typesupport_fastrtps_c;rosidl_typesupport_introspection_c
-- Using all available rosidl_typesupport_cpp: rosidl_typesupport_fastrtps_cpp;rosidl_typesupport_introspection_cpp
-- Found rmw_implementation_cmake: 6.4.0 (/opt/ros/rolling/share/rmw_implementation_cmake/cmake)
-- Found rmw_fastrtps_cpp: 6.5.0 (/opt/ros/rolling/share/rmw_fastrtps_cpp/cmake)
-- Using RMW implementation 'rmw_fastrtps_cpp' as default
-- Found turtlesim: 1.5.0 (/opt/ros/rolling/share/turtlesim/cmake)
-- Found plumbing_interface_demo: 0.0.0 (/home/gdtr/ros2/colcon_mk/install/plumbing_interface_demo/share/plumbing_interface_demo/cmake)
-- Found geometry_msgs: 4.6.1 (/opt/ros/rolling/share/geometry_msgs/cmake)
-- Found rclcpp_action: 19.0.0 (/opt/ros/rolling/share/rclcpp_action/cmake)
-- Found ament_lint_auto: 0.13.2 (/opt/ros/rolling/share/ament_lint_auto/cmake)
-- Added test 'cppcheck' to perform static code analysis on C / C++ code
-- Configured cppcheck include dirs: $<BUILD_INTERFACE:/home/gdtr/ros2/colcon_mk/src/exercise_demo/include>
-- Configured cppcheck exclude dirs and/or files: 
-- Added test 'flake8' to check Python code syntax and style conventions
-- Added test 'lint_cmake' to check CMake code style
-- Added test 'pep257' to check Python code against some of the docstring style conventions in PEP 257
-- Added test 'uncrustify' to check C / C++ code style
-- Configured uncrustify additional arguments: 
-- Added test 'xmllint' to check XML markup files
-- Configuring done
-- Generating done
-- Build files have been written to: /home/gdtr/ros2/colcon_mk/build/exercise_demo
[35m[1mConsolidate compiler generated dependencies of target eServiceClient[0m
[35m[1mConsolidate compiler generated dependencies of target eServiceServer[0m
[35m[1mConsolidate compiler generated dependencies of target eTopic_talker[0m
[ 10%] [32mBuilding CXX object CMakeFiles/eActionClient.dir/src/eActionClient.cpp.o[0m
[ 20%] [32mBuilding CXX object CMakeFiles/eActionServer.dir/src/eActionServer.cpp.o[0m
[ 30%] [32mBuilding CXX object CMakeFiles/eServiceServer.dir/src/eServiceServer.cpp.o[0m
[ 40%] [32mBuilding CXX object CMakeFiles/eServiceClient.dir/src/eServiceClient.cpp.o[0m
[ 50%] [32m[1mLinking CXX executable eTopic_talker[0m
[ 60%] [32m[1mLinking CXX executable eActionClient[0m
/usr/bin/ld: /usr/lib/gcc/x86_64-linux-gnu/11/../../../x86_64-linux-gnu/Scrt1.o: in function `_start':
(.text+0x1b): undefined reference to `main'
collect2: error: ld returned 1 exit status
gmake[2]: *** [CMakeFiles/eActionClient.dir/build.make:201: eActionClient] Error 1
gmake[1]: *** [CMakeFiles/Makefile2:249: CMakeFiles/eActionClient.dir/all] Error 2
gmake[1]: *** Waiting for unfinished jobs....
[ 70%] Built target eTopic_talker
[01m[K/home/gdtr/ros2/colcon_mk/src/exercise_demo/src/eServiceClient.cpp:[m[K In member function â€˜[01m[Kbool EServiceClient::connect_server()[m[Kâ€™:
[01m[K/home/gdtr/ros2/colcon_mk/src/exercise_demo/src/eServiceClient.cpp:19:9:[m[K [01;35m[Kwarning: [m[Kthis â€˜[01m[Kwhile[m[Kâ€™ clause does not guard... [[01;35m[K]8;;https://gcc.gnu.org/onlinedocs/gcc/Warning-Options.html#index-Wmisleading-indentation-Wmisleading-indentation]8;;[m[K]
   19 |         [01;35m[Kwhile[m[K(!client->wait_for_service(1s));
      |         [01;35m[K^~~~~[m[K
[01m[K/home/gdtr/ros2/colcon_mk/src/exercise_demo/src/eServiceClient.cpp:20:9:[m[K [01;36m[Knote: [m[K...this statement, but the latter is misleadingly indented as if it were guarded by the â€˜[01m[Kwhile[m[Kâ€™
   20 |         [01;36m[K{[m[K
      |         [01;36m[K^[m[K
[ 80%] [32m[1mLinking CXX executable eActionServer[0m
[ 80%] Built target eActionServer
[ 90%] [32m[1mLinking CXX executable eServiceClient[0m
[ 90%] Built target eServiceClient
[100%] [32m[1mLinking CXX executable eServiceServer[0m
[100%] Built target eServiceServer
gmake: *** [Makefile:146: all] Error 2
