[0.019s] Invoking command in '/home/gdtr/ros2/colcon_mk/build/exercise_demo': CMAKE_PREFIX_PATH=/home/gdtr/ros2/colcon_mk/install/plumbing_interface_demo:/home/gdtr/ros2/colcon_mk/install/meta_package_demo:/home/gdtr/ros2/colcon_mk/install/topic_demo:/home/gdtr/ros2/colcon_mk/install/time_demo:/home/gdtr/ros2/colcon_mk/install/service_demo_py:/home/gdtr/ros2/colcon_mk/install/service_demo:/home/gdtr/ros2/colcon_mk/install/exercise_demo:/home/gdtr/ros2/colcon_mk/install/action_demo:/home/gdtr/ros2/colcon_mk/install/parameter_demo:/home/gdtr/ros2/colcon_mk/install/launch_demo:/home/gdtr/ros2/colcon_mk/install/hello_world_node:/home/gdtr/ros2/colcon_mk/install/topic_demo_py:/home/gdtr/ros2/colcon_mk/install/action_demo_py:/opt/ros/rolling /usr/bin/cmake --build /home/gdtr/ros2/colcon_mk/build/exercise_demo -- -j8 -l8
[0.051s] -- Found ament_cmake: 1.5.2 (/opt/ros/rolling/share/ament_cmake/cmake)
[0.221s] -- Found rclcpp: 19.0.0 (/opt/ros/rolling/share/rclcpp/cmake)
[0.256s] -- Found rosidl_generator_c: 3.3.1 (/opt/ros/rolling/share/rosidl_generator_c/cmake)
[0.264s] -- Found rosidl_generator_cpp: 3.3.1 (/opt/ros/rolling/share/rosidl_generator_cpp/cmake)
[0.277s] -- Using all available rosidl_typesupport_c: rosidl_typesupport_fastrtps_c;rosidl_typesupport_introspection_c
[0.312s] -- Using all available rosidl_typesupport_cpp: rosidl_typesupport_fastrtps_cpp;rosidl_typesupport_introspection_cpp
[0.388s] -- Found rmw_implementation_cmake: 6.4.0 (/opt/ros/rolling/share/rmw_implementation_cmake/cmake)
[0.390s] -- Found rmw_fastrtps_cpp: 6.5.0 (/opt/ros/rolling/share/rmw_fastrtps_cpp/cmake)
[0.637s] -- Using RMW implementation 'rmw_fastrtps_cpp' as default
[0.791s] -- Found turtlesim: 1.5.0 (/opt/ros/rolling/share/turtlesim/cmake)
[0.969s] -- Found plumbing_interface_demo: 0.0.0 (/home/gdtr/ros2/colcon_mk/install/plumbing_interface_demo/share/plumbing_interface_demo/cmake)
[1.033s] -- Found geometry_msgs: 4.6.1 (/opt/ros/rolling/share/geometry_msgs/cmake)
[1.143s] -- Found rclcpp_action: 19.0.0 (/opt/ros/rolling/share/rclcpp_action/cmake)
[1.193s] -- Found ament_lint_auto: 0.13.2 (/opt/ros/rolling/share/ament_lint_auto/cmake)
[1.285s] -- Added test 'cppcheck' to perform static code analysis on C / C++ code
[1.285s] -- Configured cppcheck include dirs: $<BUILD_INTERFACE:/home/gdtr/ros2/colcon_mk/src/exercise_demo/include>
[1.285s] -- Configured cppcheck exclude dirs and/or files: 
[1.285s] -- Added test 'flake8' to check Python code syntax and style conventions
[1.286s] -- Added test 'lint_cmake' to check CMake code style
[1.287s] -- Added test 'pep257' to check Python code against some of the docstring style conventions in PEP 257
[1.288s] -- Added test 'uncrustify' to check C / C++ code style
[1.288s] -- Configured uncrustify additional arguments: 
[1.288s] -- Added test 'xmllint' to check XML markup files
[1.290s] -- Configuring done
[1.328s] -- Generating done
[1.331s] -- Build files have been written to: /home/gdtr/ros2/colcon_mk/build/exercise_demo
[1.361s] [35m[1mConsolidate compiler generated dependencies of target eServiceClient[0m
[1.361s] [35m[1mConsolidate compiler generated dependencies of target eServiceServer[0m
[1.364s] [35m[1mConsolidate compiler generated dependencies of target eTopic_talker[0m
[1.371s] [ 10%] [32mBuilding CXX object CMakeFiles/eActionClient.dir/src/eActionClient.cpp.o[0m
[1.375s] [ 20%] [32mBuilding CXX object CMakeFiles/eActionServer.dir/src/eActionServer.cpp.o[0m
[1.390s] [ 30%] [32mBuilding CXX object CMakeFiles/eServiceServer.dir/src/eServiceServer.cpp.o[0m
[1.390s] [ 40%] [32mBuilding CXX object CMakeFiles/eServiceClient.dir/src/eServiceClient.cpp.o[0m
[1.395s] [ 50%] [32m[1mLinking CXX executable eTopic_talker[0m
[1.396s] [ 60%] [32m[1mLinking CXX executable eActionClient[0m
[1.583s] /usr/bin/ld: /usr/lib/gcc/x86_64-linux-gnu/11/../../../x86_64-linux-gnu/Scrt1.o: in function `_start':
[1.583s] (.text+0x1b): undefined reference to `main'
[1.587s] collect2: error: ld returned 1 exit status
[1.590s] gmake[2]: *** [CMakeFiles/eActionClient.dir/build.make:201: eActionClient] Error 1
[1.590s] gmake[1]: *** [CMakeFiles/Makefile2:249: CMakeFiles/eActionClient.dir/all] Error 2
[1.590s] gmake[1]: *** Waiting for unfinished jobs....
[2.139s] [ 70%] Built target eTopic_talker
[4.842s] [01m[K/home/gdtr/ros2/colcon_mk/src/exercise_demo/src/eServiceClient.cpp:[m[K In member function â€˜[01m[Kbool EServiceClient::connect_server()[m[Kâ€™:
[4.842s] [01m[K/home/gdtr/ros2/colcon_mk/src/exercise_demo/src/eServiceClient.cpp:19:9:[m[K [01;35m[Kwarning: [m[Kthis â€˜[01m[Kwhile[m[Kâ€™ clause does not guard... [[01;35m[K]8;;https://gcc.gnu.org/onlinedocs/gcc/Warning-Options.html#index-Wmisleading-indentation-Wmisleading-indentation]8;;[m[K]
[4.842s]    19 |         [01;35m[Kwhile[m[K(!client->wait_for_service(1s));
[4.843s]       |         [01;35m[K^~~~~[m[K
[4.843s] [01m[K/home/gdtr/ros2/colcon_mk/src/exercise_demo/src/eServiceClient.cpp:20:9:[m[K [01;36m[Knote: [m[K...this statement, but the latter is misleadingly indented as if it were guarded by the â€˜[01m[Kwhile[m[Kâ€™
[4.843s]    20 |         [01;36m[K{[m[K
[4.843s]       |         [01;36m[K^[m[K
[5.451s] [ 80%] [32m[1mLinking CXX executable eActionServer[0m
[5.646s] [ 80%] Built target eActionServer
[6.500s] [ 90%] [32m[1mLinking CXX executable eServiceClient[0m
[6.741s] [ 90%] Built target eServiceClient
[11.656s] [100%] [32m[1mLinking CXX executable eServiceServer[0m
[12.210s] [100%] Built target eServiceServer
[12.212s] gmake: *** [Makefile:146: all] Error 2
[12.214s] Invoked command in '/home/gdtr/ros2/colcon_mk/build/exercise_demo' returned '2': CMAKE_PREFIX_PATH=/home/gdtr/ros2/colcon_mk/install/plumbing_interface_demo:/home/gdtr/ros2/colcon_mk/install/meta_package_demo:/home/gdtr/ros2/colcon_mk/install/topic_demo:/home/gdtr/ros2/colcon_mk/install/time_demo:/home/gdtr/ros2/colcon_mk/install/service_demo_py:/home/gdtr/ros2/colcon_mk/install/service_demo:/home/gdtr/ros2/colcon_mk/install/exercise_demo:/home/gdtr/ros2/colcon_mk/install/action_demo:/home/gdtr/ros2/colcon_mk/install/parameter_demo:/home/gdtr/ros2/colcon_mk/install/launch_demo:/home/gdtr/ros2/colcon_mk/install/hello_world_node:/home/gdtr/ros2/colcon_mk/install/topic_demo_py:/home/gdtr/ros2/colcon_mk/install/action_demo_py:/opt/ros/rolling /usr/bin/cmake --build /home/gdtr/ros2/colcon_mk/build/exercise_demo -- -j8 -l8
