[ 50%] [32mBuilding CXX object CMakeFiles/hello_world.dir/src/hello_world.cpp.o[0m
[01m[K/home/gdtr/ros2/colcon_mk/src/hello_world_node/src/hello_world.cpp:[m[K In function â€˜[01m[Kint main(int, char**)[m[Kâ€™:
[01m[K/home/gdtr/ros2/colcon_mk/src/hello_world_node/src/hello_world.cpp:7:27:[m[K [01;31m[Kerror: [m[Krequest for member â€˜[01m[Kargv[m[Kâ€™ in â€˜[01m[Kargc[m[Kâ€™, which is of non-class type â€˜[01m[Kint[m[Kâ€™
    7 |         rclcpp::init(argc.[01;31m[Kargv[m[K);
      |                           [01;31m[K^~~~[m[K
[01m[K/home/gdtr/ros2/colcon_mk/src/hello_world_node/src/hello_world.cpp:5:28:[m[K [01;35m[Kwarning: [m[Kunused parameter â€˜[01m[Kargv[m[Kâ€™ [[01;35m[K]8;;https://gcc.gnu.org/onlinedocs/gcc/Warning-Options.html#index-Wunused-parameter-Wunused-parameter]8;;[m[K]
    5 | int main(int argc, [01;35m[Kchar ** argv[m[K)
      |                    [01;35m[K~~~~~~~~^~~~[m[K
gmake[2]: *** [CMakeFiles/hello_world.dir/build.make:76: CMakeFiles/hello_world.dir/src/hello_world.cpp.o] Error 1
gmake[1]: *** [CMakeFiles/Makefile2:137: CMakeFiles/hello_world.dir/all] Error 2
gmake: *** [Makefile:146: all] Error 2
