[0.018s] Invoking command in '/home/gdtr/ros2/colcon_mk/build/paramter_demo': CMAKE_PREFIX_PATH=${CMAKE_PREFIX_PATH}:/home/gdtr/ros2/colcon_mk/install/topic_demo_py:/opt/ros/rolling /usr/bin/cmake --build /home/gdtr/ros2/colcon_mk/build/paramter_demo -- -j8 -l8
[0.183s] [35m[1mConsolidate compiler generated dependencies of target param_server[0m
[0.184s] [35m[1mConsolidate compiler generated dependencies of target param_client[0m
[0.185s] [35m[1mConsolidate compiler generated dependencies of target param_demo0[0m
[0.205s] [ 16%] [32mBuilding CXX object CMakeFiles/param_server.dir/src/param_server.cpp.o[0m
[0.205s] [ 50%] Built target param_client
[0.206s] [ 66%] [32mBuilding CXX object CMakeFiles/param_demo0.dir/src/param_demo0.cpp.o[0m
[3.647s] [01m[K/home/gdtr/ros2/colcon_mk/src/paramter_demo/src/param_server.cpp:[m[K In function â€˜[01m[Kint main(int, char**)[m[Kâ€™:
[3.647s] [01m[K/home/gdtr/ros2/colcon_mk/src/paramter_demo/src/param_server.cpp:62:31:[m[K [01;31m[Kerror: [m[Kcannot convert â€˜[01m[Kconst char [11][m[Kâ€™ to â€˜[01m[Kconst rclcpp::ParameterValue&[m[Kâ€™
[3.648s]    62 |     node->add_paramter("name",[01;31m[K"HolloKitty"[m[K);
[3.648s]       |                               [01;31m[K^~~~~~~~~~~~[m[K
[3.648s]       |                               [01;31m[K|[m[K
[3.648s]       |                               [01;31m[Kconst char [11][m[K
[3.648s] [01m[K/home/gdtr/ros2/colcon_mk/src/paramter_demo/src/param_server.cpp:31:40:[m[K [01;36m[Knote: [m[K  initializing argument 2 of â€˜[01m[Kvoid ParamServer::add_paramter(const string&, const rclcpp::ParameterValue&)[m[Kâ€™
[3.648s]    31 |         [01;36m[Kconst rclcpp::ParameterValue & value[m[K)
[3.648s]       |         [01;36m[K~~~~~~~~~~~~~~~~~~~~~~~~~~~~~~~^~~~~[m[K
[3.649s] [01m[K/home/gdtr/ros2/colcon_mk/src/paramter_demo/src/param_server.cpp:64:33:[m[K [01;31m[Kerror: [m[Kcannot convert â€˜[01m[Kdouble[m[Kâ€™ to â€˜[01m[Kconst rclcpp::ParameterValue&[m[Kâ€™
[3.649s]    64 |     node->add_paramter("height",[01;31m[K1.8[m[K);
[3.649s]       |                                 [01;31m[K^~~[m[K
[3.649s]       |                                 [01;31m[K|[m[K
[3.649s]       |                                 [01;31m[Kdouble[m[K
[3.649s] [01m[K/home/gdtr/ros2/colcon_mk/src/paramter_demo/src/param_server.cpp:31:40:[m[K [01;36m[Knote: [m[K  initializing argument 2 of â€˜[01m[Kvoid ParamServer::add_paramter(const string&, const rclcpp::ParameterValue&)[m[Kâ€™
[3.650s]    31 |         [01;36m[Kconst rclcpp::ParameterValue & value[m[K)
[3.650s]       |         [01;36m[K~~~~~~~~~~~~~~~~~~~~~~~~~~~~~~~^~~~~[m[K
[4.204s] gmake[2]: *** [CMakeFiles/param_server.dir/build.make:76: CMakeFiles/param_server.dir/src/param_server.cpp.o] Error 1
[4.204s] gmake[1]: *** [CMakeFiles/Makefile2:167: CMakeFiles/param_server.dir/all] Error 2
[4.204s] gmake[1]: *** Waiting for unfinished jobs....
[4.397s] [ 83%] [32m[1mLinking CXX executable param_demo0[0m
[4.593s] [ 83%] Built target param_demo0
[4.594s] gmake: *** [Makefile:146: all] Error 2
[4.596s] Invoked command in '/home/gdtr/ros2/colcon_mk/build/paramter_demo' returned '2': CMAKE_PREFIX_PATH=${CMAKE_PREFIX_PATH}:/home/gdtr/ros2/colcon_mk/install/topic_demo_py:/opt/ros/rolling /usr/bin/cmake --build /home/gdtr/ros2/colcon_mk/build/paramter_demo -- -j8 -l8
